<?xml version="1.0" encoding="UTF-8"?>
<testsuites>
  <testsuite name="/workspaces/cronbeat/phpunit.xml" tests="73" assertions="140" errors="0" failures="0" skipped="0" time="0.369224">
    <testsuite name="Cronbeat Test Suite" tests="73" assertions="140" errors="0" failures="0" skipped="0" time="0.369224">
      <testsuite name="Cronbeat\Tests\SetupControllerTest" file="/workspaces/cronbeat/tests/SetupControllerTest.php" tests="5" assertions="7" errors="0" failures="0" skipped="0" time="0.040518">
        <testcase name="testValidateSetupDataAcceptsValidInput" file="/workspaces/cronbeat/tests/SetupControllerTest.php" line="18" class="Cronbeat\Tests\SetupControllerTest" classname="Cronbeat.Tests.SetupControllerTest" assertions="1" time="0.011825"/>
        <testcase name="testValidateSetupDataRejectsEmptyUsername" file="/workspaces/cronbeat/tests/SetupControllerTest.php" line="31" class="Cronbeat\Tests\SetupControllerTest" classname="Cronbeat.Tests.SetupControllerTest" assertions="1" time="0.006759"/>
        <testcase name="testValidateSetupDataRejectsTooShortUsername" file="/workspaces/cronbeat/tests/SetupControllerTest.php" line="44" class="Cronbeat\Tests\SetupControllerTest" classname="Cronbeat.Tests.SetupControllerTest" assertions="1" time="0.005441"/>
        <testcase name="testRunSetupCreatesUserSuccessfully" file="/workspaces/cronbeat/tests/SetupControllerTest.php" line="57" class="Cronbeat\Tests\SetupControllerTest" classname="Cronbeat.Tests.SetupControllerTest" assertions="2" time="0.007837"/>
        <testcase name="testRunSetupHandlesDatabaseErrors" file="/workspaces/cronbeat/tests/SetupControllerTest.php" line="72" class="Cronbeat\Tests\SetupControllerTest" classname="Cronbeat.Tests.SetupControllerTest" assertions="2" time="0.008657"/>
      </testsuite>
      <testsuite name="Cronbeat\Tests\DatabaseTest" file="/workspaces/cronbeat/tests/DatabaseTest.php" tests="17" assertions="31" errors="0" failures="0" skipped="0" time="0.123069">
        <testcase name="testGetMonitorsReturnsMultipleMonitorsOrderedByName" file="/workspaces/cronbeat/tests/DatabaseTest.php" line="176" class="Cronbeat\Tests\DatabaseTest" classname="Cronbeat.Tests.DatabaseTest" assertions="5" time="0.010394"/>
        <testcase name="testValidateUserWithNonExistentUser" file="/workspaces/cronbeat/tests/DatabaseTest.php" line="104" class="Cronbeat\Tests\DatabaseTest" classname="Cronbeat.Tests.DatabaseTest" assertions="1" time="0.006878"/>
        <testcase name="testGetUsernameReturnsUsernameWhenUserExists" file="/workspaces/cronbeat/tests/DatabaseTest.php" line="282" class="Cronbeat\Tests\DatabaseTest" classname="Cronbeat.Tests.DatabaseTest" assertions="1" time="0.007710"/>
        <testcase name="testDatabaseDoesNotExistInitially" file="/workspaces/cronbeat/tests/DatabaseTest.php" line="10" class="Cronbeat\Tests\DatabaseTest" classname="Cronbeat.Tests.DatabaseTest" assertions="1" time="0.005362"/>
        <testcase name="testDeleteMonitorReturnsFalseWhenMonitorDoesNotExist" file="/workspaces/cronbeat/tests/DatabaseTest.php" line="231" class="Cronbeat\Tests\DatabaseTest" classname="Cronbeat.Tests.DatabaseTest" assertions="1" time="0.007339"/>
        <testcase name="testCreatedUserExists" file="/workspaces/cronbeat/tests/DatabaseTest.php" line="64" class="Cronbeat\Tests\DatabaseTest" classname="Cronbeat.Tests.DatabaseTest" assertions="1" time="0.008071"/>
        <testcase name="testDatabaseExistsAfterCreation" file="/workspaces/cronbeat/tests/DatabaseTest.php" line="22" class="Cronbeat\Tests\DatabaseTest" classname="Cronbeat.Tests.DatabaseTest" assertions="1" time="0.005743"/>
        <testcase name="testDeleteMonitorReturnsFalseWhenMonitorBelongsToAnotherUser" file="/workspaces/cronbeat/tests/DatabaseTest.php" line="249" class="Cronbeat\Tests\DatabaseTest" classname="Cronbeat.Tests.DatabaseTest" assertions="2" time="0.009669"/>
        <testcase name="testDeleteMonitorReturnsTrueWhenMonitorExists" file="/workspaces/cronbeat/tests/DatabaseTest.php" line="206" class="Cronbeat\Tests\DatabaseTest" classname="Cronbeat.Tests.DatabaseTest" assertions="2" time="0.008579"/>
        <testcase name="testGetMonitorsReturnsMonitorsForUser" file="/workspaces/cronbeat/tests/DatabaseTest.php" line="154" class="Cronbeat\Tests\DatabaseTest" classname="Cronbeat.Tests.DatabaseTest" assertions="4" time="0.007652"/>
        <testcase name="testGetMonitorsReturnsEmptyArrayWhenNoMonitors" file="/workspaces/cronbeat/tests/DatabaseTest.php" line="136" class="Cronbeat\Tests\DatabaseTest" classname="Cronbeat.Tests.DatabaseTest" assertions="2" time="0.006143"/>
        <testcase name="testValidateUserWithCorrectCredentials" file="/workspaces/cronbeat/tests/DatabaseTest.php" line="77" class="Cronbeat\Tests\DatabaseTest" classname="Cronbeat.Tests.DatabaseTest" assertions="2" time="0.006178"/>
        <testcase name="testValidateUserWithIncorrectPassword" file="/workspaces/cronbeat/tests/DatabaseTest.php" line="91" class="Cronbeat\Tests\DatabaseTest" classname="Cronbeat.Tests.DatabaseTest" assertions="1" time="0.007599"/>
        <testcase name="testCreateMonitorReturnsUuid" file="/workspaces/cronbeat/tests/DatabaseTest.php" line="117" class="Cronbeat\Tests\DatabaseTest" classname="Cronbeat.Tests.DatabaseTest" assertions="2" time="0.008457"/>
        <testcase name="testGetUsernameReturnsFalseWhenUserDoesNotExist" file="/workspaces/cronbeat/tests/DatabaseTest.php" line="299" class="Cronbeat\Tests\DatabaseTest" classname="Cronbeat.Tests.DatabaseTest" assertions="1" time="0.005467"/>
        <testcase name="testCreateDatabase" file="/workspaces/cronbeat/tests/DatabaseTest.php" line="32" class="Cronbeat\Tests\DatabaseTest" classname="Cronbeat.Tests.DatabaseTest" assertions="3" time="0.005366"/>
        <testcase name="testCreateUserReturnsTrue" file="/workspaces/cronbeat/tests/DatabaseTest.php" line="52" class="Cronbeat\Tests\DatabaseTest" classname="Cronbeat.Tests.DatabaseTest" assertions="1" time="0.006462"/>
      </testsuite>
      <testsuite name="Cronbeat\Tests\LoggerTest" file="/workspaces/cronbeat/tests/LoggerTest.php" tests="12" assertions="18" errors="0" failures="0" skipped="0" time="0.006363">
        <testcase name="testInfoMethodLogsMessageWithInfoLevel" file="/workspaces/cronbeat/tests/LoggerTest.php" line="84" class="Cronbeat\Tests\LoggerTest" classname="Cronbeat.Tests.LoggerTest" assertions="2" time="0.000818"/>
        <testcase name="testErrorMethodLogsMessageWithErrorLevel" file="/workspaces/cronbeat/tests/LoggerTest.php" line="114" class="Cronbeat\Tests\LoggerTest" classname="Cronbeat.Tests.LoggerTest" assertions="2" time="0.000558"/>
        <testcase name="testLogWithEmptyContextDoesNotAddJsonObject" file="/workspaces/cronbeat/tests/LoggerTest.php" line="188" class="Cronbeat\Tests\LoggerTest" classname="Cronbeat.Tests.LoggerTest" assertions="2" time="0.000592"/>
        <testcase name="testLogLevelFilteringPreventsLowerLevelLogs" file="/workspaces/cronbeat/tests/LoggerTest.php" line="129" class="Cronbeat\Tests\LoggerTest" classname="Cronbeat.Tests.LoggerTest" assertions="1" time="0.000454"/>
        <testcase name="testDebugMethodLogsMessageWithDebugLevel" file="/workspaces/cronbeat/tests/LoggerTest.php" line="68" class="Cronbeat\Tests\LoggerTest" classname="Cronbeat.Tests.LoggerTest" assertions="2" time="0.000524"/>
        <testcase name="testLogFormatsTimestampCorrectly" file="/workspaces/cronbeat/tests/LoggerTest.php" line="176" class="Cronbeat\Tests\LoggerTest" classname="Cronbeat.Tests.LoggerTest" assertions="1" time="0.000662"/>
        <testcase name="testGetMinLevelReturnsCurrentLevel" file="/workspaces/cronbeat/tests/LoggerTest.php" line="165" class="Cronbeat\Tests\LoggerTest" classname="Cronbeat.Tests.LoggerTest" assertions="1" time="0.000426"/>
        <testcase name="testWarningMethodLogsMessageWithWarningLevel" file="/workspaces/cronbeat/tests/LoggerTest.php" line="99" class="Cronbeat\Tests\LoggerTest" classname="Cronbeat.Tests.LoggerTest" assertions="2" time="0.000543"/>
        <testcase name="testEnvironmentVariableFallbackToInfo" file="/workspaces/cronbeat/tests/LoggerTest.php" line="222" class="Cronbeat\Tests\LoggerTest" classname="Cronbeat.Tests.LoggerTest" assertions="1" time="0.000431"/>
        <testcase name="testEnvironmentVariableConfiguration" file="/workspaces/cronbeat/tests/LoggerTest.php" line="201" class="Cronbeat\Tests\LoggerTest" classname="Cronbeat.Tests.LoggerTest" assertions="1" time="0.000395"/>
        <testcase name="testSetMinLevelThrowsExceptionForInvalidLevel" file="/workspaces/cronbeat/tests/LoggerTest.php" line="156" class="Cronbeat\Tests\LoggerTest" classname="Cronbeat.Tests.LoggerTest" assertions="1" time="0.000425"/>
        <testcase name="testLogLevelFilteringAllowsHigherLevelLogs" file="/workspaces/cronbeat/tests/LoggerTest.php" line="142" class="Cronbeat\Tests\LoggerTest" classname="Cronbeat.Tests.LoggerTest" assertions="2" time="0.000534"/>
      </testsuite>
      <testsuite name="Cronbeat\Tests\UrlHelperTest" file="/workspaces/cronbeat/tests/UrlHelperTest.php" tests="9" assertions="9" errors="0" failures="0" skipped="0" time="0.001938">
        <testcase name="testParseControllerFromUrlWithControllerAndPath" file="/workspaces/cronbeat/tests/UrlHelperTest.php" line="32" class="Cronbeat\Tests\UrlHelperTest" classname="Cronbeat.Tests.UrlHelperTest" assertions="1" time="0.000344"/>
        <testcase name="testParsePathWithoutControllerWithTrailingSlash" file="/workspaces/cronbeat/tests/UrlHelperTest.php" line="87" class="Cronbeat\Tests\UrlHelperTest" classname="Cronbeat.Tests.UrlHelperTest" assertions="1" time="0.000207"/>
        <testcase name="testParsePathWithoutControllerWithControllerAndPath" file="/workspaces/cronbeat/tests/UrlHelperTest.php" line="76" class="Cronbeat\Tests\UrlHelperTest" classname="Cronbeat.Tests.UrlHelperTest" assertions="1" time="0.000208"/>
        <testcase name="testParseControllerFromUrlWithControllerOnly" file="/workspaces/cronbeat/tests/UrlHelperTest.php" line="21" class="Cronbeat\Tests\UrlHelperTest" classname="Cronbeat.Tests.UrlHelperTest" assertions="1" time="0.000203"/>
        <testcase name="testParsePathWithoutControllerWithControllerOnly" file="/workspaces/cronbeat/tests/UrlHelperTest.php" line="65" class="Cronbeat\Tests\UrlHelperTest" classname="Cronbeat.Tests.UrlHelperTest" assertions="1" time="0.000195"/>
        <testcase name="testParsePathWithoutControllerWithMultiplePathSegments" file="/workspaces/cronbeat/tests/UrlHelperTest.php" line="98" class="Cronbeat\Tests\UrlHelperTest" classname="Cronbeat.Tests.UrlHelperTest" assertions="1" time="0.000214"/>
        <testcase name="testParsePathWithoutControllerWithEmptyUri" file="/workspaces/cronbeat/tests/UrlHelperTest.php" line="54" class="Cronbeat\Tests\UrlHelperTest" classname="Cronbeat.Tests.UrlHelperTest" assertions="1" time="0.000191"/>
        <testcase name="testParseControllerFromUrlWithEmptyUri" file="/workspaces/cronbeat/tests/UrlHelperTest.php" line="10" class="Cronbeat\Tests\UrlHelperTest" classname="Cronbeat.Tests.UrlHelperTest" assertions="1" time="0.000185"/>
        <testcase name="testParseControllerFromUrlWithTrailingSlash" file="/workspaces/cronbeat/tests/UrlHelperTest.php" line="43" class="Cronbeat\Tests\UrlHelperTest" classname="Cronbeat.Tests.UrlHelperTest" assertions="1" time="0.000189"/>
      </testsuite>
      <testsuite name="Cronbeat\Tests\DashboardControllerTest" file="/workspaces/cronbeat/tests/DashboardControllerTest.php" tests="14" assertions="38" errors="0" failures="0" skipped="0" time="0.163454">
        <testcase name="testShowMonitorFormDisplaysForm" file="/workspaces/cronbeat/tests/DashboardControllerTest.php" line="88" class="Cronbeat\Tests\DashboardControllerTest" classname="Cronbeat.Tests.DashboardControllerTest" assertions="3" time="0.006578"/>
        <testcase name="testDoRoutingRedirectsToLoginWithCorrectHeaders" file="/workspaces/cronbeat/tests/DashboardControllerTest.php" line="53" class="Cronbeat\Tests\DashboardControllerTest" classname="Cronbeat.Tests.DashboardControllerTest" assertions="2" time="0.006144"/>
        <testcase name="testDeleteMonitorRemovesMonitor" file="/workspaces/cronbeat/tests/DashboardControllerTest.php" line="182" class="Cronbeat\Tests\DashboardControllerTest" classname="Cronbeat.Tests.DashboardControllerTest" assertions="3" time="0.008796"/>
        <testcase name="testAddMonitorCreatesNewMonitorAndVerifyData" file="/workspaces/cronbeat/tests/DashboardControllerTest.php" line="109" class="Cronbeat\Tests\DashboardControllerTest" classname="Cronbeat.Tests.DashboardControllerTest" assertions="2" time="0.007036"/>
        <testcase name="testDoRoutingRedirectsToLoginWithCorrectHeadersLocation" file="/workspaces/cronbeat/tests/DashboardControllerTest.php" line="62" class="Cronbeat\Tests\DashboardControllerTest" classname="Cronbeat.Tests.DashboardControllerTest" assertions="2" time="0.008055"/>
        <testcase name="testDeleteMonitorShowsErrorWhenUuidIsEmpty" file="/workspaces/cronbeat/tests/DashboardControllerTest.php" line="200" class="Cronbeat\Tests\DashboardControllerTest" classname="Cronbeat.Tests.DashboardControllerTest" assertions="2" time="0.006572"/>
        <testcase name="testAddMonitorCreatesNewMonitor" file="/workspaces/cronbeat/tests/DashboardControllerTest.php" line="99" class="Cronbeat\Tests\DashboardControllerTest" classname="Cronbeat.Tests.DashboardControllerTest" assertions="2" time="0.008112"/>
        <testcase name="testDoRoutingRedirectsToLoginWhenNotAuthenticated" file="/workspaces/cronbeat/tests/DashboardControllerTest.php" line="42" class="Cronbeat\Tests\DashboardControllerTest" classname="Cronbeat.Tests.DashboardControllerTest" assertions="2" time="0.007095"/>
        <testcase name="testDeleteMonitorShowsErrorWhenMonitorDoesNotExist" file="/workspaces/cronbeat/tests/DashboardControllerTest.php" line="210" class="Cronbeat\Tests\DashboardControllerTest" classname="Cronbeat.Tests.DashboardControllerTest" assertions="2" time="0.043684"/>
        <testcase name="testAddMonitorShowsErrorWhenNameIsEmpty" file="/workspaces/cronbeat/tests/DashboardControllerTest.php" line="170" class="Cronbeat\Tests\DashboardControllerTest" classname="Cronbeat.Tests.DashboardControllerTest" assertions="2" time="0.014324"/>
        <testcase name="testAddMonitorCreatesNewMonitorWithCorrectData" file="/workspaces/cronbeat/tests/DashboardControllerTest.php" line="119" class="Cronbeat\Tests\DashboardControllerTest" classname="Cronbeat.Tests.DashboardControllerTest" assertions="3" time="0.010668"/>
        <testcase name="testShowDashboardDisplaysUserMonitors" file="/workspaces/cronbeat/tests/DashboardControllerTest.php" line="72" class="Cronbeat\Tests\DashboardControllerTest" classname="Cronbeat.Tests.DashboardControllerTest" assertions="4" time="0.010861"/>
        <testcase name="testAddMonitorCreatesMonitorWithCorrectData" file="/workspaces/cronbeat/tests/DashboardControllerTest.php" line="141" class="Cronbeat\Tests\DashboardControllerTest" classname="Cronbeat.Tests.DashboardControllerTest" assertions="6" time="0.015118"/>
        <testcase name="testAddMonitorCreatesMonitorWithCorrectDataAndRedirectsToCorrectLocation" file="/workspaces/cronbeat/tests/DashboardControllerTest.php" line="130" class="Cronbeat\Tests\DashboardControllerTest" classname="Cronbeat.Tests.DashboardControllerTest" assertions="3" time="0.010412"/>
      </testsuite>
      <testsuite name="Cronbeat\Tests\MigrationHelperTest" file="/workspaces/cronbeat/tests/MigrationHelperTest.php" tests="12" assertions="29" errors="0" failures="0" skipped="0" time="0.009328">
        <testcase name="testLoadMigrationWithValidMigrationFile" file="/workspaces/cronbeat/tests/MigrationHelperTest.php" line="173" class="Cronbeat\Tests\MigrationHelperTest" classname="Cronbeat.Tests.MigrationHelperTest" assertions="3" time="0.000833"/>
        <testcase name="testLoadAllMigrationsIgnoresNonMigrationFiles" file="/workspaces/cronbeat/tests/MigrationHelperTest.php" line="201" class="Cronbeat\Tests\MigrationHelperTest" classname="Cronbeat.Tests.MigrationHelperTest" assertions="6" time="0.001276"/>
        <testcase name="testLoadAllMigrationsSortsResultsByVersion" file="/workspaces/cronbeat/tests/MigrationHelperTest.php" line="225" class="Cronbeat\Tests\MigrationHelperTest" classname="Cronbeat.Tests.MigrationHelperTest" assertions="2" time="0.001002"/>
        <testcase name="testLoadAllMigrationsReturnsOnlyValidMigrations" file="/workspaces/cronbeat/tests/MigrationHelperTest.php" line="242" class="Cronbeat\Tests\MigrationHelperTest" classname="Cronbeat.Tests.MigrationHelperTest" assertions="6" time="0.001222"/>
        <testcase name="testLoadMigrationHandlesExceptionDuringInstantiation" file="/workspaces/cronbeat/tests/MigrationHelperTest.php" line="160" class="Cronbeat\Tests\MigrationHelperTest" classname="Cronbeat.Tests.MigrationHelperTest" assertions="1" time="0.000714"/>
        <testcase name="testActualMigrationHelperLoadAllMigrationsWithExistingMigrations" file="/workspaces/cronbeat/tests/MigrationHelperTest.php" line="290" class="Cronbeat\Tests\MigrationHelperTest" classname="Cronbeat.Tests.MigrationHelperTest" assertions="1" time="0.000570"/>
        <testcase name="testLoadAllMigrationsReturnsEmptyArrayWhenDirectoryNotFound" file="/workspaces/cronbeat/tests/MigrationHelperTest.php" line="188" class="Cronbeat\Tests\MigrationHelperTest" classname="Cronbeat.Tests.MigrationHelperTest" assertions="2" time="0.000567"/>
        <testcase name="testLoadAllMigrationsWithEmptyDirectory" file="/workspaces/cronbeat/tests/MigrationHelperTest.php" line="265" class="Cronbeat\Tests\MigrationHelperTest" classname="Cronbeat.Tests.MigrationHelperTest" assertions="2" time="0.000593"/>
        <testcase name="testLoadMigrationReturnsNullWhenClassNotFound" file="/workspaces/cronbeat/tests/MigrationHelperTest.php" line="134" class="Cronbeat\Tests\MigrationHelperTest" classname="Cronbeat.Tests.MigrationHelperTest" assertions="1" time="0.000702"/>
        <testcase name="testLoadMigrationReturnsNullWhenFileNotFound" file="/workspaces/cronbeat/tests/MigrationHelperTest.php" line="123" class="Cronbeat\Tests\MigrationHelperTest" classname="Cronbeat.Tests.MigrationHelperTest" assertions="1" time="0.000528"/>
        <testcase name="testActualMigrationHelperLoadMigrationWithExistingMigration" file="/workspaces/cronbeat/tests/MigrationHelperTest.php" line="277" class="Cronbeat\Tests\MigrationHelperTest" classname="Cronbeat.Tests.MigrationHelperTest" assertions="3" time="0.000617"/>
        <testcase name="testLoadMigrationReturnsNullWhenClassDoesNotImplementMigrationInterface" file="/workspaces/cronbeat/tests/MigrationHelperTest.php" line="147" class="Cronbeat\Tests\MigrationHelperTest" classname="Cronbeat.Tests.MigrationHelperTest" assertions="1" time="0.000704"/>
      </testsuite>
      <testsuite name="Cronbeat\Tests\LogoutControllerTest" file="/workspaces/cronbeat/tests/LogoutControllerTest.php" tests="4" assertions="8" errors="0" failures="0" skipped="0" time="0.024554">
        <testcase name="testLogoutRedirectsToLogin" file="/workspaces/cronbeat/tests/LogoutControllerTest.php" line="57" class="Cronbeat\Tests\LogoutControllerTest" classname="Cronbeat.Tests.LogoutControllerTest" assertions="2" time="0.006862"/>
        <testcase name="testLogoutHandlesEmptySession" file="/workspaces/cronbeat/tests/LogoutControllerTest.php" line="75" class="Cronbeat\Tests\LogoutControllerTest" classname="Cronbeat.Tests.LogoutControllerTest" assertions="1" time="0.005861"/>
        <testcase name="testLogoutClearsSession" file="/workspaces/cronbeat/tests/LogoutControllerTest.php" line="47" class="Cronbeat\Tests\LogoutControllerTest" classname="Cronbeat.Tests.LogoutControllerTest" assertions="3" time="0.006142"/>
        <testcase name="testDoRoutingCallsLogout" file="/workspaces/cronbeat/tests/LogoutControllerTest.php" line="38" class="Cronbeat\Tests\LogoutControllerTest" classname="Cronbeat.Tests.LogoutControllerTest" assertions="2" time="0.005690"/>
      </testsuite>
    </testsuite>
  </testsuite>
</testsuites>
