<?xml version="1.0" encoding="UTF-8"?>
<testsuites>
  <testsuite name="/workspaces/cronbeat/phpunit.xml" tests="73" assertions="140" errors="0" failures="0" skipped="0" time="0.279726">
    <testsuite name="Cronbeat Test Suite" tests="73" assertions="140" errors="0" failures="0" skipped="0" time="0.279726">
      <testsuite name="Cronbeat\Tests\MigrationHelperTest" file="/workspaces/cronbeat/tests/MigrationHelperTest.php" tests="12" assertions="29" errors="0" failures="0" skipped="0" time="0.012416">
        <testcase name="testLoadMigrationReturnsNullWhenClassNotFound" file="/workspaces/cronbeat/tests/MigrationHelperTest.php" line="134" class="Cronbeat\Tests\MigrationHelperTest" classname="Cronbeat.Tests.MigrationHelperTest" assertions="1" time="0.002715"/>
        <testcase name="testLoadAllMigrationsSortsResultsByVersion" file="/workspaces/cronbeat/tests/MigrationHelperTest.php" line="225" class="Cronbeat\Tests\MigrationHelperTest" classname="Cronbeat.Tests.MigrationHelperTest" assertions="2" time="0.001378"/>
        <testcase name="testLoadMigrationReturnsNullWhenFileNotFound" file="/workspaces/cronbeat/tests/MigrationHelperTest.php" line="123" class="Cronbeat\Tests\MigrationHelperTest" classname="Cronbeat.Tests.MigrationHelperTest" assertions="1" time="0.000547"/>
        <testcase name="testActualMigrationHelperLoadMigrationWithExistingMigration" file="/workspaces/cronbeat/tests/MigrationHelperTest.php" line="277" class="Cronbeat\Tests\MigrationHelperTest" classname="Cronbeat.Tests.MigrationHelperTest" assertions="3" time="0.000839"/>
        <testcase name="testActualMigrationHelperLoadAllMigrationsWithExistingMigrations" file="/workspaces/cronbeat/tests/MigrationHelperTest.php" line="290" class="Cronbeat\Tests\MigrationHelperTest" classname="Cronbeat.Tests.MigrationHelperTest" assertions="1" time="0.000592"/>
        <testcase name="testLoadMigrationWithValidMigrationFile" file="/workspaces/cronbeat/tests/MigrationHelperTest.php" line="173" class="Cronbeat\Tests\MigrationHelperTest" classname="Cronbeat.Tests.MigrationHelperTest" assertions="3" time="0.000737"/>
        <testcase name="testLoadAllMigrationsWithEmptyDirectory" file="/workspaces/cronbeat/tests/MigrationHelperTest.php" line="265" class="Cronbeat\Tests\MigrationHelperTest" classname="Cronbeat.Tests.MigrationHelperTest" assertions="2" time="0.000718"/>
        <testcase name="testLoadMigrationHandlesExceptionDuringInstantiation" file="/workspaces/cronbeat/tests/MigrationHelperTest.php" line="160" class="Cronbeat\Tests\MigrationHelperTest" classname="Cronbeat.Tests.MigrationHelperTest" assertions="1" time="0.000835"/>
        <testcase name="testLoadAllMigrationsIgnoresNonMigrationFiles" file="/workspaces/cronbeat/tests/MigrationHelperTest.php" line="201" class="Cronbeat\Tests\MigrationHelperTest" classname="Cronbeat.Tests.MigrationHelperTest" assertions="6" time="0.001532"/>
        <testcase name="testLoadMigrationReturnsNullWhenClassDoesNotImplementMigrationInterface" file="/workspaces/cronbeat/tests/MigrationHelperTest.php" line="147" class="Cronbeat\Tests\MigrationHelperTest" classname="Cronbeat.Tests.MigrationHelperTest" assertions="1" time="0.000708"/>
        <testcase name="testLoadAllMigrationsReturnsEmptyArrayWhenDirectoryNotFound" file="/workspaces/cronbeat/tests/MigrationHelperTest.php" line="188" class="Cronbeat\Tests\MigrationHelperTest" classname="Cronbeat.Tests.MigrationHelperTest" assertions="2" time="0.000605"/>
        <testcase name="testLoadAllMigrationsReturnsOnlyValidMigrations" file="/workspaces/cronbeat/tests/MigrationHelperTest.php" line="242" class="Cronbeat\Tests\MigrationHelperTest" classname="Cronbeat.Tests.MigrationHelperTest" assertions="6" time="0.001211"/>
      </testsuite>
      <testsuite name="Cronbeat\Tests\SetupControllerTest" file="/workspaces/cronbeat/tests/SetupControllerTest.php" tests="5" assertions="7" errors="0" failures="0" skipped="0" time="0.036417">
        <testcase name="testValidateSetupDataRejectsTooShortUsername" file="/workspaces/cronbeat/tests/SetupControllerTest.php" line="44" class="Cronbeat\Tests\SetupControllerTest" classname="Cronbeat.Tests.SetupControllerTest" assertions="1" time="0.011465"/>
        <testcase name="testRunSetupHandlesDatabaseErrors" file="/workspaces/cronbeat/tests/SetupControllerTest.php" line="72" class="Cronbeat\Tests\SetupControllerTest" classname="Cronbeat.Tests.SetupControllerTest" assertions="2" time="0.008152"/>
        <testcase name="testValidateSetupDataAcceptsValidInput" file="/workspaces/cronbeat/tests/SetupControllerTest.php" line="18" class="Cronbeat\Tests\SetupControllerTest" classname="Cronbeat.Tests.SetupControllerTest" assertions="1" time="0.005293"/>
        <testcase name="testValidateSetupDataRejectsEmptyUsername" file="/workspaces/cronbeat/tests/SetupControllerTest.php" line="31" class="Cronbeat\Tests\SetupControllerTest" classname="Cronbeat.Tests.SetupControllerTest" assertions="1" time="0.005029"/>
        <testcase name="testRunSetupCreatesUserSuccessfully" file="/workspaces/cronbeat/tests/SetupControllerTest.php" line="57" class="Cronbeat\Tests\SetupControllerTest" classname="Cronbeat.Tests.SetupControllerTest" assertions="2" time="0.006477"/>
      </testsuite>
      <testsuite name="Cronbeat\Tests\DatabaseTest" file="/workspaces/cronbeat/tests/DatabaseTest.php" tests="17" assertions="31" errors="0" failures="0" skipped="0" time="0.107327">
        <testcase name="testGetUsernameReturnsUsernameWhenUserExists" file="/workspaces/cronbeat/tests/DatabaseTest.php" line="282" class="Cronbeat\Tests\DatabaseTest" classname="Cronbeat.Tests.DatabaseTest" assertions="1" time="0.007134"/>
        <testcase name="testValidateUserWithCorrectCredentials" file="/workspaces/cronbeat/tests/DatabaseTest.php" line="77" class="Cronbeat\Tests\DatabaseTest" classname="Cronbeat.Tests.DatabaseTest" assertions="2" time="0.005793"/>
        <testcase name="testCreateMonitorReturnsUuid" file="/workspaces/cronbeat/tests/DatabaseTest.php" line="117" class="Cronbeat\Tests\DatabaseTest" classname="Cronbeat.Tests.DatabaseTest" assertions="2" time="0.007342"/>
        <testcase name="testCreatedUserExists" file="/workspaces/cronbeat/tests/DatabaseTest.php" line="64" class="Cronbeat\Tests\DatabaseTest" classname="Cronbeat.Tests.DatabaseTest" assertions="1" time="0.005778"/>
        <testcase name="testDatabaseExistsAfterCreation" file="/workspaces/cronbeat/tests/DatabaseTest.php" line="22" class="Cronbeat\Tests\DatabaseTest" classname="Cronbeat.Tests.DatabaseTest" assertions="1" time="0.004813"/>
        <testcase name="testGetMonitorsReturnsMultipleMonitorsOrderedByName" file="/workspaces/cronbeat/tests/DatabaseTest.php" line="176" class="Cronbeat\Tests\DatabaseTest" classname="Cronbeat.Tests.DatabaseTest" assertions="5" time="0.008598"/>
        <testcase name="testValidateUserWithIncorrectPassword" file="/workspaces/cronbeat/tests/DatabaseTest.php" line="91" class="Cronbeat\Tests\DatabaseTest" classname="Cronbeat.Tests.DatabaseTest" assertions="1" time="0.006000"/>
        <testcase name="testDatabaseDoesNotExistInitially" file="/workspaces/cronbeat/tests/DatabaseTest.php" line="10" class="Cronbeat\Tests\DatabaseTest" classname="Cronbeat.Tests.DatabaseTest" assertions="1" time="0.005791"/>
        <testcase name="testDeleteMonitorReturnsFalseWhenMonitorBelongsToAnotherUser" file="/workspaces/cronbeat/tests/DatabaseTest.php" line="249" class="Cronbeat\Tests\DatabaseTest" classname="Cronbeat.Tests.DatabaseTest" assertions="2" time="0.007414"/>
        <testcase name="testCreateUserReturnsTrue" file="/workspaces/cronbeat/tests/DatabaseTest.php" line="52" class="Cronbeat\Tests\DatabaseTest" classname="Cronbeat.Tests.DatabaseTest" assertions="1" time="0.005613"/>
        <testcase name="testGetMonitorsReturnsEmptyArrayWhenNoMonitors" file="/workspaces/cronbeat/tests/DatabaseTest.php" line="136" class="Cronbeat\Tests\DatabaseTest" classname="Cronbeat.Tests.DatabaseTest" assertions="2" time="0.005502"/>
        <testcase name="testGetMonitorsReturnsMonitorsForUser" file="/workspaces/cronbeat/tests/DatabaseTest.php" line="154" class="Cronbeat\Tests\DatabaseTest" classname="Cronbeat.Tests.DatabaseTest" assertions="4" time="0.006567"/>
        <testcase name="testDeleteMonitorReturnsFalseWhenMonitorDoesNotExist" file="/workspaces/cronbeat/tests/DatabaseTest.php" line="231" class="Cronbeat\Tests\DatabaseTest" classname="Cronbeat.Tests.DatabaseTest" assertions="1" time="0.007941"/>
        <testcase name="testValidateUserWithNonExistentUser" file="/workspaces/cronbeat/tests/DatabaseTest.php" line="104" class="Cronbeat\Tests\DatabaseTest" classname="Cronbeat.Tests.DatabaseTest" assertions="1" time="0.005596"/>
        <testcase name="testGetUsernameReturnsFalseWhenUserDoesNotExist" file="/workspaces/cronbeat/tests/DatabaseTest.php" line="299" class="Cronbeat\Tests\DatabaseTest" classname="Cronbeat.Tests.DatabaseTest" assertions="1" time="0.004657"/>
        <testcase name="testCreateDatabase" file="/workspaces/cronbeat/tests/DatabaseTest.php" line="32" class="Cronbeat\Tests\DatabaseTest" classname="Cronbeat.Tests.DatabaseTest" assertions="3" time="0.005697"/>
        <testcase name="testDeleteMonitorReturnsTrueWhenMonitorExists" file="/workspaces/cronbeat/tests/DatabaseTest.php" line="206" class="Cronbeat\Tests\DatabaseTest" classname="Cronbeat.Tests.DatabaseTest" assertions="2" time="0.007092"/>
      </testsuite>
      <testsuite name="Cronbeat\Tests\LoggerTest" file="/workspaces/cronbeat/tests/LoggerTest.php" tests="12" assertions="18" errors="0" failures="0" skipped="0" time="0.006121">
        <testcase name="testDebugMethodLogsMessageWithDebugLevel" file="/workspaces/cronbeat/tests/LoggerTest.php" line="68" class="Cronbeat\Tests\LoggerTest" classname="Cronbeat.Tests.LoggerTest" assertions="2" time="0.000736"/>
        <testcase name="testLogLevelFilteringAllowsHigherLevelLogs" file="/workspaces/cronbeat/tests/LoggerTest.php" line="142" class="Cronbeat\Tests\LoggerTest" classname="Cronbeat.Tests.LoggerTest" assertions="2" time="0.000543"/>
        <testcase name="testLogLevelFilteringPreventsLowerLevelLogs" file="/workspaces/cronbeat/tests/LoggerTest.php" line="129" class="Cronbeat\Tests\LoggerTest" classname="Cronbeat.Tests.LoggerTest" assertions="1" time="0.000413"/>
        <testcase name="testGetMinLevelReturnsCurrentLevel" file="/workspaces/cronbeat/tests/LoggerTest.php" line="165" class="Cronbeat\Tests\LoggerTest" classname="Cronbeat.Tests.LoggerTest" assertions="1" time="0.000422"/>
        <testcase name="testEnvironmentVariableFallbackToInfo" file="/workspaces/cronbeat/tests/LoggerTest.php" line="222" class="Cronbeat\Tests\LoggerTest" classname="Cronbeat.Tests.LoggerTest" assertions="1" time="0.000390"/>
        <testcase name="testLogFormatsTimestampCorrectly" file="/workspaces/cronbeat/tests/LoggerTest.php" line="176" class="Cronbeat\Tests\LoggerTest" classname="Cronbeat.Tests.LoggerTest" assertions="1" time="0.000640"/>
        <testcase name="testInfoMethodLogsMessageWithInfoLevel" file="/workspaces/cronbeat/tests/LoggerTest.php" line="84" class="Cronbeat\Tests\LoggerTest" classname="Cronbeat.Tests.LoggerTest" assertions="2" time="0.000564"/>
        <testcase name="testSetMinLevelThrowsExceptionForInvalidLevel" file="/workspaces/cronbeat/tests/LoggerTest.php" line="156" class="Cronbeat\Tests\LoggerTest" classname="Cronbeat.Tests.LoggerTest" assertions="1" time="0.000403"/>
        <testcase name="testErrorMethodLogsMessageWithErrorLevel" file="/workspaces/cronbeat/tests/LoggerTest.php" line="114" class="Cronbeat\Tests\LoggerTest" classname="Cronbeat.Tests.LoggerTest" assertions="2" time="0.000526"/>
        <testcase name="testEnvironmentVariableConfiguration" file="/workspaces/cronbeat/tests/LoggerTest.php" line="201" class="Cronbeat\Tests\LoggerTest" classname="Cronbeat.Tests.LoggerTest" assertions="1" time="0.000391"/>
        <testcase name="testWarningMethodLogsMessageWithWarningLevel" file="/workspaces/cronbeat/tests/LoggerTest.php" line="99" class="Cronbeat\Tests\LoggerTest" classname="Cronbeat.Tests.LoggerTest" assertions="2" time="0.000545"/>
        <testcase name="testLogWithEmptyContextDoesNotAddJsonObject" file="/workspaces/cronbeat/tests/LoggerTest.php" line="188" class="Cronbeat\Tests\LoggerTest" classname="Cronbeat.Tests.LoggerTest" assertions="2" time="0.000549"/>
      </testsuite>
      <testsuite name="Cronbeat\Tests\LogoutControllerTest" file="/workspaces/cronbeat/tests/LogoutControllerTest.php" tests="4" assertions="8" errors="0" failures="0" skipped="0" time="0.023252">
        <testcase name="testLogoutClearsSession" file="/workspaces/cronbeat/tests/LogoutControllerTest.php" line="49" class="Cronbeat\Tests\LogoutControllerTest" classname="Cronbeat.Tests.LogoutControllerTest" assertions="3" time="0.006039"/>
        <testcase name="testDoRoutingCallsLogout" file="/workspaces/cronbeat/tests/LogoutControllerTest.php" line="38" class="Cronbeat\Tests\LogoutControllerTest" classname="Cronbeat.Tests.LogoutControllerTest" assertions="2" time="0.006048"/>
        <testcase name="testLogoutHandlesEmptySession" file="/workspaces/cronbeat/tests/LogoutControllerTest.php" line="83" class="Cronbeat\Tests\LogoutControllerTest" classname="Cronbeat.Tests.LogoutControllerTest" assertions="1" time="0.005489"/>
        <testcase name="testLogoutRedirectsToLogin" file="/workspaces/cronbeat/tests/LogoutControllerTest.php" line="65" class="Cronbeat\Tests\LogoutControllerTest" classname="Cronbeat.Tests.LogoutControllerTest" assertions="2" time="0.005675"/>
      </testsuite>
      <testsuite name="Cronbeat\Tests\DashboardControllerTest" file="/workspaces/cronbeat/tests/DashboardControllerTest.php" tests="14" assertions="38" errors="0" failures="0" skipped="0" time="0.092331">
        <testcase name="testDoRoutingRedirectsToLoginWithCorrectHeadersLocation" file="/workspaces/cronbeat/tests/DashboardControllerTest.php" line="62" class="Cronbeat\Tests\DashboardControllerTest" classname="Cronbeat.Tests.DashboardControllerTest" assertions="2" time="0.006502"/>
        <testcase name="testDoRoutingRedirectsToLoginWhenNotAuthenticated" file="/workspaces/cronbeat/tests/DashboardControllerTest.php" line="42" class="Cronbeat\Tests\DashboardControllerTest" classname="Cronbeat.Tests.DashboardControllerTest" assertions="2" time="0.005516"/>
        <testcase name="testAddMonitorCreatesNewMonitorWithCorrectData" file="/workspaces/cronbeat/tests/DashboardControllerTest.php" line="122" class="Cronbeat\Tests\DashboardControllerTest" classname="Cronbeat.Tests.DashboardControllerTest" assertions="3" time="0.006734"/>
        <testcase name="testDeleteMonitorShowsErrorWhenUuidIsEmpty" file="/workspaces/cronbeat/tests/DashboardControllerTest.php" line="203" class="Cronbeat\Tests\DashboardControllerTest" classname="Cronbeat.Tests.DashboardControllerTest" assertions="2" time="0.005678"/>
        <testcase name="testAddMonitorCreatesNewMonitor" file="/workspaces/cronbeat/tests/DashboardControllerTest.php" line="99" class="Cronbeat\Tests\DashboardControllerTest" classname="Cronbeat.Tests.DashboardControllerTest" assertions="2" time="0.006541"/>
        <testcase name="testDoRoutingRedirectsToLoginWithCorrectHeaders" file="/workspaces/cronbeat/tests/DashboardControllerTest.php" line="53" class="Cronbeat\Tests\DashboardControllerTest" classname="Cronbeat.Tests.DashboardControllerTest" assertions="2" time="0.005630"/>
        <testcase name="testDeleteMonitorRemovesMonitor" file="/workspaces/cronbeat/tests/DashboardControllerTest.php" line="185" class="Cronbeat\Tests\DashboardControllerTest" classname="Cronbeat.Tests.DashboardControllerTest" assertions="3" time="0.007405"/>
        <testcase name="testAddMonitorCreatesMonitorWithCorrectDataAndRedirectsToCorrectLocation" file="/workspaces/cronbeat/tests/DashboardControllerTest.php" line="133" class="Cronbeat\Tests\DashboardControllerTest" classname="Cronbeat.Tests.DashboardControllerTest" assertions="3" time="0.008799"/>
        <testcase name="testAddMonitorShowsErrorWhenNameIsEmpty" file="/workspaces/cronbeat/tests/DashboardControllerTest.php" line="173" class="Cronbeat\Tests\DashboardControllerTest" classname="Cronbeat.Tests.DashboardControllerTest" assertions="2" time="0.005931"/>
        <testcase name="testAddMonitorCreatesMonitorWithCorrectData" file="/workspaces/cronbeat/tests/DashboardControllerTest.php" line="144" class="Cronbeat\Tests\DashboardControllerTest" classname="Cronbeat.Tests.DashboardControllerTest" assertions="6" time="0.008108"/>
        <testcase name="testShowMonitorFormDisplaysForm" file="/workspaces/cronbeat/tests/DashboardControllerTest.php" line="88" class="Cronbeat\Tests\DashboardControllerTest" classname="Cronbeat.Tests.DashboardControllerTest" assertions="3" time="0.005576"/>
        <testcase name="testAddMonitorCreatesNewMonitorAndVerifyData" file="/workspaces/cronbeat/tests/DashboardControllerTest.php" line="109" class="Cronbeat\Tests\DashboardControllerTest" classname="Cronbeat.Tests.DashboardControllerTest" assertions="2" time="0.006677"/>
        <testcase name="testShowDashboardDisplaysUserMonitors" file="/workspaces/cronbeat/tests/DashboardControllerTest.php" line="72" class="Cronbeat\Tests\DashboardControllerTest" classname="Cronbeat.Tests.DashboardControllerTest" assertions="4" time="0.007517"/>
        <testcase name="testDeleteMonitorShowsErrorWhenMonitorDoesNotExist" file="/workspaces/cronbeat/tests/DashboardControllerTest.php" line="213" class="Cronbeat\Tests\DashboardControllerTest" classname="Cronbeat.Tests.DashboardControllerTest" assertions="2" time="0.005716"/>
      </testsuite>
      <testsuite name="Cronbeat\Tests\UrlHelperTest" file="/workspaces/cronbeat/tests/UrlHelperTest.php" tests="9" assertions="9" errors="0" failures="0" skipped="0" time="0.001862">
        <testcase name="testParseControllerFromUrlWithEmptyUri" file="/workspaces/cronbeat/tests/UrlHelperTest.php" line="10" class="Cronbeat\Tests\UrlHelperTest" classname="Cronbeat.Tests.UrlHelperTest" assertions="1" time="0.000324"/>
        <testcase name="testParsePathWithoutControllerWithEmptyUri" file="/workspaces/cronbeat/tests/UrlHelperTest.php" line="54" class="Cronbeat\Tests\UrlHelperTest" classname="Cronbeat.Tests.UrlHelperTest" assertions="1" time="0.000201"/>
        <testcase name="testParseControllerFromUrlWithControllerOnly" file="/workspaces/cronbeat/tests/UrlHelperTest.php" line="21" class="Cronbeat\Tests\UrlHelperTest" classname="Cronbeat.Tests.UrlHelperTest" assertions="1" time="0.000193"/>
        <testcase name="testParseControllerFromUrlWithTrailingSlash" file="/workspaces/cronbeat/tests/UrlHelperTest.php" line="43" class="Cronbeat\Tests\UrlHelperTest" classname="Cronbeat.Tests.UrlHelperTest" assertions="1" time="0.000187"/>
        <testcase name="testParsePathWithoutControllerWithMultiplePathSegments" file="/workspaces/cronbeat/tests/UrlHelperTest.php" line="98" class="Cronbeat\Tests\UrlHelperTest" classname="Cronbeat.Tests.UrlHelperTest" assertions="1" time="0.000194"/>
        <testcase name="testParseControllerFromUrlWithControllerAndPath" file="/workspaces/cronbeat/tests/UrlHelperTest.php" line="32" class="Cronbeat\Tests\UrlHelperTest" classname="Cronbeat.Tests.UrlHelperTest" assertions="1" time="0.000199"/>
        <testcase name="testParsePathWithoutControllerWithTrailingSlash" file="/workspaces/cronbeat/tests/UrlHelperTest.php" line="87" class="Cronbeat\Tests\UrlHelperTest" classname="Cronbeat.Tests.UrlHelperTest" assertions="1" time="0.000188"/>
        <testcase name="testParsePathWithoutControllerWithControllerOnly" file="/workspaces/cronbeat/tests/UrlHelperTest.php" line="65" class="Cronbeat\Tests\UrlHelperTest" classname="Cronbeat.Tests.UrlHelperTest" assertions="1" time="0.000186"/>
        <testcase name="testParsePathWithoutControllerWithControllerAndPath" file="/workspaces/cronbeat/tests/UrlHelperTest.php" line="76" class="Cronbeat\Tests\UrlHelperTest" classname="Cronbeat.Tests.UrlHelperTest" assertions="1" time="0.000191"/>
      </testsuite>
    </testsuite>
  </testsuite>
</testsuites>
